2026-02-20 18:24:52.480 | INFO     | __main__:main:191 - 设备: cuda
2026-02-20 18:24:52.502 | INFO     | __main__:main:193 - GPU: NVIDIA GeForce RTX 5090
2026-02-20 18:24:52.502 | INFO     | __main__:main:194 - VRAM: 33.7 GB
2026-02-20 18:24:52.502 | INFO     | __main__:main:195 - 混合精度: 启用
2026-02-20 18:24:52.663 | INFO     | __main__:main:202 - 图: 30 节点, 712 边
2026-02-20 18:24:52.663 | INFO     | __main__:main:205 - 加载训练集 (2016-2023)...
2026-02-20 18:24:52.665 | WARNING  | model.dataset:_load_water_quality:96 - 未找到水质数据，使用合成数据
2026-02-20 18:24:52.665 | INFO     | model.dataset:_generate_synthetic_wq:149 - 生成合成水质数据...
2026-02-20 18:24:55.402 | INFO     | model.dataset:_precompute_tensors:276 - 预计算特征张量: T=17527, N=30, F=35...
2026-02-20 18:25:39.510 | INFO     | model.dataset:_precompute_tensors:336 -   预计算进度: 5000/17527
2026-02-20 18:25:41.122 | INFO     | model.dataset:_precompute_tensors:336 -   预计算进度: 10000/17527
2026-02-20 18:25:42.751 | INFO     | model.dataset:_precompute_tensors:336 -   预计算进度: 15000/17527
2026-02-20 18:25:43.571 | INFO     | model.dataset:_precompute_tensors:340 - 预计算完成: feature=(17527, 30, 35), 内存=73.6 MB
2026-02-20 18:25:43.633 | INFO     | model.dataset:__init__:68 - Dataset [train]: 17401 样本, 30 节点, feature_tensor=(17527, 30, 35), history=42, predict=14
2026-02-20 18:25:43.634 | INFO     | __main__:main:211 - 加载验证集 (2024)...
2026-02-20 18:25:43.636 | WARNING  | model.dataset:_load_water_quality:96 - 未找到水质数据，使用合成数据
2026-02-20 18:25:43.636 | INFO     | model.dataset:_generate_synthetic_wq:149 - 生成合成水质数据...
2026-02-20 18:25:45.999 | INFO     | model.dataset:_precompute_tensors:276 - 预计算特征张量: T=2191, N=30, F=35...
2026-02-20 18:25:52.025 | INFO     | model.dataset:_precompute_tensors:340 - 预计算完成: feature=(2191, 30, 35), 内存=9.2 MB
2026-02-20 18:25:52.032 | INFO     | model.dataset:__init__:68 - Dataset [val]: 2065 样本, 30 节点, feature_tensor=(2191, 30, 35), history=42, predict=14
/usr/local/lib/python3.12/dist-packages/torch/nn/modules/transformer.py:392: UserWarning: enable_nested_tensor is True, but self.use_nested_tensor is False because encoder_layer.norm_first was True
  warnings.warn(
2026-02-20 18:25:52.071 | INFO     | __main__:main:244 - V2 模型参数量: 2,862,072 (11.4 MB)
2026-02-20 18:25:52.071 | INFO     | __main__:main:246 - 有效 batch_size: 128 × 1 = 128
/workspace/taihu-guard/model/train.py:263: FutureWarning: `torch.cuda.amp.GradScaler(args...)` is deprecated. Please use `torch.amp.GradScaler('cuda', args...)` instead.
  scaler = GradScaler(enabled=args.fp16)
2026-02-20 18:25:52.798 | INFO     | __main__:main:279 - 
======================================================================
2026-02-20 18:25:52.798 | INFO     | __main__:main:280 - V2 训练开始: epochs=300, hidden=256, heads=8, T_layers=4, S_layers=4
2026-02-20 18:25:52.798 | INFO     | __main__:main:283 - history=42 steps, predict=14 days
2026-02-20 18:25:52.798 | INFO     | __main__:main:284 - ======================================================================

/workspace/taihu-guard/model/train.py:90: FutureWarning: `torch.cuda.amp.autocast(args...)` is deprecated. Please use `torch.amp.autocast('cuda', args...)` instead.
  with autocast(enabled=fp16):
/workspace/taihu-guard/model/train.py:140: FutureWarning: `torch.cuda.amp.autocast(args...)` is deprecated. Please use `torch.amp.autocast('cuda', args...)` instead.
  with autocast(enabled=fp16):
2026-02-20 18:26:22.446 | INFO     | __main__:main:313 - Epoch [  1/300] Train: 1.23007 | Val: 0.89185 | LR: 5.00e-05 | 30s
2026-02-20 18:26:22.446 | INFO     | __main__:main:319 -   Bloom Acc: 0.8392 | Uncertainty: 0.9520
2026-02-20 18:26:22.514 | INFO     | __main__:main:347 -   ★ Best model saved (val_loss=0.891846)
2026-02-20 18:26:50.971 | INFO     | __main__:main:313 - Epoch [  2/300] Train: 0.69029 | Val: 0.49879 | LR: 1.00e-04 | 28s
2026-02-20 18:26:50.971 | INFO     | __main__:main:319 -   Bloom Acc: 0.8883 | Uncertainty: 0.5454
2026-02-20 18:26:51.042 | INFO     | __main__:main:347 -   ★ Best model saved (val_loss=0.498792)
2026-02-20 18:27:19.638 | INFO     | __main__:main:313 - Epoch [  3/300] Train: 0.54931 | Val: 0.49827 | LR: 1.50e-04 | 29s
2026-02-20 18:27:19.638 | INFO     | __main__:main:319 -   Bloom Acc: 0.8657 | Uncertainty: 0.5087
2026-02-20 18:27:19.701 | INFO     | __main__:main:347 -   ★ Best model saved (val_loss=0.498268)
2026-02-20 18:27:48.548 | INFO     | __main__:main:313 - Epoch [  4/300] Train: 0.50364 | Val: 0.45878 | LR: 2.00e-04 | 29s
2026-02-20 18:27:48.548 | INFO     | __main__:main:319 -   Bloom Acc: 0.8715 | Uncertainty: 0.5356
2026-02-20 18:27:48.618 | INFO     | __main__:main:347 -   ★ Best model saved (val_loss=0.458783)
2026-02-20 18:28:17.538 | INFO     | __main__:main:313 - Epoch [  5/300] Train: 0.45071 | Val: 0.38715 | LR: 2.50e-04 | 29s
2026-02-20 18:28:17.538 | INFO     | __main__:main:319 -   Bloom Acc: 0.8896 | Uncertainty: 0.4823
2026-02-20 18:28:17.604 | INFO     | __main__:main:347 -   ★ Best model saved (val_loss=0.387149)
2026-02-20 18:28:46.367 | INFO     | __main__:main:313 - Epoch [  6/300] Train: 0.42827 | Val: 0.47191 | LR: 3.00e-04 | 29s
2026-02-20 18:28:46.367 | INFO     | __main__:main:319 -   Bloom Acc: 0.8756 | Uncertainty: 0.4753
2026-02-20 18:29:14.946 | INFO     | __main__:main:313 - Epoch [  7/300] Train: 0.41765 | Val: 0.60378 | LR: 3.50e-04 | 29s
2026-02-20 18:29:14.946 | INFO     | __main__:main:319 -   Bloom Acc: 0.8277 | Uncertainty: 0.4854
2026-02-20 18:29:42.956 | INFO     | __main__:main:313 - Epoch [  8/300] Train: 0.37133 | Val: 0.46267 | LR: 4.00e-04 | 28s
2026-02-20 18:29:42.956 | INFO     | __main__:main:319 -   Bloom Acc: 0.8999 | Uncertainty: 0.4573
2026-02-20 18:30:11.737 | INFO     | __main__:main:313 - Epoch [  9/300] Train: 0.34948 | Val: 0.45928 | LR: 4.50e-04 | 29s
2026-02-20 18:30:11.737 | INFO     | __main__:main:319 -   Bloom Acc: 0.8890 | Uncertainty: 0.4597
2026-02-20 18:30:40.262 | INFO     | __main__:main:313 - Epoch [ 10/300] Train: 0.33753 | Val: 0.40345 | LR: 5.00e-04 | 29s
2026-02-20 18:30:40.262 | INFO     | __main__:main:319 -   Bloom Acc: 0.9189 | Uncertainty: 0.4549
2026-02-20 18:31:09.139 | INFO     | __main__:main:313 - Epoch [ 11/300] Train: 0.31868 | Val: 0.34216 | LR: 4.99e-04 | 29s
2026-02-20 18:31:09.139 | INFO     | __main__:main:319 -   Bloom Acc: 0.9237 | Uncertainty: 0.4639
2026-02-20 18:31:09.206 | INFO     | __main__:main:347 -   ★ Best model saved (val_loss=0.342157)
2026-02-20 18:31:38.037 | INFO     | __main__:main:313 - Epoch [ 12/300] Train: 0.30478 | Val: 0.34616 | LR: 4.95e-04 | 29s
2026-02-20 18:31:38.037 | INFO     | __main__:main:319 -   Bloom Acc: 0.9246 | Uncertainty: 0.4496
2026-02-20 18:32:05.264 | INFO     | __main__:main:313 - Epoch [ 13/300] Train: 0.29246 | Val: 0.37844 | LR: 4.88e-04 | 27s
2026-02-20 18:32:05.264 | INFO     | __main__:main:319 -   Bloom Acc: 0.9158 | Uncertainty: 0.4457
2026-02-20 18:32:34.069 | INFO     | __main__:main:313 - Epoch [ 14/300] Train: 0.28044 | Val: 0.33899 | LR: 4.78e-04 | 29s
2026-02-20 18:32:34.070 | INFO     | __main__:main:319 -   Bloom Acc: 0.9230 | Uncertainty: 0.4457
2026-02-20 18:32:34.193 | INFO     | __main__:main:347 -   ★ Best model saved (val_loss=0.338990)
2026-02-20 18:33:03.136 | INFO     | __main__:main:313 - Epoch [ 15/300] Train: 0.26989 | Val: 0.31977 | LR: 4.67e-04 | 29s
2026-02-20 18:33:03.136 | INFO     | __main__:main:319 -   Bloom Acc: 0.9285 | Uncertainty: 0.4409
2026-02-20 18:33:03.203 | INFO     | __main__:main:347 -   ★ Best model saved (val_loss=0.319768)
2026-02-20 18:33:32.240 | INFO     | __main__:main:313 - Epoch [ 16/300] Train: 0.26215 | Val: 0.30663 | LR: 4.52e-04 | 29s
2026-02-20 18:33:32.240 | INFO     | __main__:main:319 -   Bloom Acc: 0.9232 | Uncertainty: 0.4438
2026-02-20 18:33:32.306 | INFO     | __main__:main:347 -   ★ Best model saved (val_loss=0.306628)
2026-02-20 18:34:01.244 | INFO     | __main__:main:313 - Epoch [ 17/300] Train: 0.25600 | Val: 0.30673 | LR: 4.36e-04 | 29s
2026-02-20 18:34:01.244 | INFO     | __main__:main:319 -   Bloom Acc: 0.9297 | Uncertainty: 0.4417
2026-02-20 18:34:30.059 | INFO     | __main__:main:313 - Epoch [ 18/300] Train: 0.24819 | Val: 0.31895 | LR: 4.17e-04 | 29s
2026-02-20 18:34:30.059 | INFO     | __main__:main:319 -   Bloom Acc: 0.9233 | Uncertainty: 0.4392
2026-02-20 18:34:58.862 | INFO     | __main__:main:313 - Epoch [ 19/300] Train: 0.24507 | Val: 0.31371 | LR: 3.97e-04 | 29s
2026-02-20 18:34:58.862 | INFO     | __main__:main:319 -   Bloom Acc: 0.9288 | Uncertainty: 0.4374
2026-02-20 18:35:27.747 | INFO     | __main__:main:313 - Epoch [ 20/300] Train: 0.24039 | Val: 0.33263 | LR: 3.75e-04 | 29s
2026-02-20 18:35:27.747 | INFO     | __main__:main:319 -   Bloom Acc: 0.9192 | Uncertainty: 0.4365
2026-02-20 18:35:56.736 | INFO     | __main__:main:313 - Epoch [ 21/300] Train: 0.23695 | Val: 0.31588 | LR: 3.52e-04 | 29s
2026-02-20 18:35:56.737 | INFO     | __main__:main:319 -   Bloom Acc: 0.9240 | Uncertainty: 0.4359
2026-02-20 18:36:25.445 | INFO     | __main__:main:313 - Epoch [ 22/300] Train: 0.23553 | Val: 0.33151 | LR: 3.28e-04 | 29s
2026-02-20 18:36:25.445 | INFO     | __main__:main:319 -   Bloom Acc: 0.9154 | Uncertainty: 0.4344
2026-02-20 18:36:54.263 | INFO     | __main__:main:313 - Epoch [ 23/300] Train: 0.23232 | Val: 0.32353 | LR: 3.02e-04 | 29s
2026-02-20 18:36:54.263 | INFO     | __main__:main:319 -   Bloom Acc: 0.9272 | Uncertainty: 0.4350
2026-02-20 18:37:23.237 | INFO     | __main__:main:313 - Epoch [ 24/300] Train: 0.23045 | Val: 0.34230 | LR: 2.77e-04 | 29s
2026-02-20 18:37:23.237 | INFO     | __main__:main:319 -   Bloom Acc: 0.9252 | Uncertainty: 0.4344
2026-02-20 18:37:52.066 | INFO     | __main__:main:313 - Epoch [ 25/300] Train: 0.22889 | Val: 0.34570 | LR: 2.51e-04 | 29s
2026-02-20 18:37:52.066 | INFO     | __main__:main:319 -   Bloom Acc: 0.9228 | Uncertainty: 0.4334
2026-02-20 18:38:21.075 | INFO     | __main__:main:313 - Epoch [ 26/300] Train: 0.22782 | Val: 0.34427 | LR: 2.24e-04 | 29s
2026-02-20 18:38:21.076 | INFO     | __main__:main:319 -   Bloom Acc: 0.9174 | Uncertainty: 0.4329
2026-02-20 18:38:49.948 | INFO     | __main__:main:313 - Epoch [ 27/300] Train: 0.22638 | Val: 0.32934 | LR: 1.99e-04 | 29s
2026-02-20 18:38:49.949 | INFO     | __main__:main:319 -   Bloom Acc: 0.9257 | Uncertainty: 0.4320
2026-02-20 18:39:18.358 | INFO     | __main__:main:313 - Epoch [ 28/300] Train: 0.22552 | Val: 0.32776 | LR: 1.73e-04 | 28s
2026-02-20 18:39:18.358 | INFO     | __main__:main:319 -   Bloom Acc: 0.9270 | Uncertainty: 0.4337
2026-02-20 18:39:47.153 | INFO     | __main__:main:313 - Epoch [ 29/300] Train: 0.22452 | Val: 0.34023 | LR: 1.49e-04 | 29s
2026-02-20 18:39:47.153 | INFO     | __main__:main:319 -   Bloom Acc: 0.9215 | Uncertainty: 0.4320
2026-02-20 18:40:15.655 | INFO     | __main__:main:313 - Epoch [ 30/300] Train: 0.22384 | Val: 0.34828 | LR: 1.26e-04 | 29s
2026-02-20 18:40:15.655 | INFO     | __main__:main:319 -   Bloom Acc: 0.9225 | Uncertainty: 0.4324
2026-02-20 18:40:44.552 | INFO     | __main__:main:313 - Epoch [ 31/300] Train: 0.22321 | Val: 0.34819 | LR: 1.04e-04 | 29s
2026-02-20 18:40:44.552 | INFO     | __main__:main:319 -   Bloom Acc: 0.9215 | Uncertainty: 0.4325
2026-02-20 18:41:12.963 | INFO     | __main__:main:313 - Epoch [ 32/300] Train: 0.22276 | Val: 0.34238 | LR: 8.36e-05 | 28s
2026-02-20 18:41:12.963 | INFO     | __main__:main:319 -   Bloom Acc: 0.9236 | Uncertainty: 0.4328
2026-02-20 18:41:41.936 | INFO     | __main__:main:313 - Epoch [ 33/300] Train: 0.22218 | Val: 0.35325 | LR: 6.51e-05 | 29s
2026-02-20 18:41:41.936 | INFO     | __main__:main:319 -   Bloom Acc: 0.9176 | Uncertainty: 0.4318
2026-02-20 18:42:10.844 | INFO     | __main__:main:313 - Epoch [ 34/300] Train: 0.22185 | Val: 0.34715 | LR: 4.87e-05 | 29s
2026-02-20 18:42:10.844 | INFO     | __main__:main:319 -   Bloom Acc: 0.9208 | Uncertainty: 0.4323
2026-02-20 18:42:39.866 | INFO     | __main__:main:313 - Epoch [ 35/300] Train: 0.22155 | Val: 0.34719 | LR: 3.44e-05 | 29s
2026-02-20 18:42:39.866 | INFO     | __main__:main:319 -   Bloom Acc: 0.9209 | Uncertainty: 0.4319
2026-02-20 18:43:08.866 | INFO     | __main__:main:313 - Epoch [ 36/300] Train: 0.22132 | Val: 0.34842 | LR: 2.26e-05 | 29s
2026-02-20 18:43:08.866 | INFO     | __main__:main:319 -   Bloom Acc: 0.9229 | Uncertainty: 0.4320
2026-02-20 18:43:37.456 | INFO     | __main__:main:313 - Epoch [ 37/300] Train: 0.22105 | Val: 0.34831 | LR: 1.32e-05 | 29s
2026-02-20 18:43:37.456 | INFO     | __main__:main:319 -   Bloom Acc: 0.9213 | Uncertainty: 0.4320
2026-02-20 18:44:06.348 | INFO     | __main__:main:313 - Epoch [ 38/300] Train: 0.22094 | Val: 0.35027 | LR: 6.45e-06 | 29s
2026-02-20 18:44:06.348 | INFO     | __main__:main:319 -   Bloom Acc: 0.9200 | Uncertainty: 0.4317
2026-02-20 18:44:35.258 | INFO     | __main__:main:313 - Epoch [ 39/300] Train: 0.22092 | Val: 0.34909 | LR: 2.37e-06 | 29s
2026-02-20 18:44:35.258 | INFO     | __main__:main:319 -   Bloom Acc: 0.9192 | Uncertainty: 0.4318
2026-02-20 18:45:04.161 | INFO     | __main__:main:313 - Epoch [ 40/300] Train: 0.22082 | Val: 0.34897 | LR: 5.00e-04 | 29s
2026-02-20 18:45:04.161 | INFO     | __main__:main:319 -   Bloom Acc: 0.9204 | Uncertainty: 0.4318
2026-02-20 18:45:32.961 | INFO     | __main__:main:313 - Epoch [ 41/300] Train: 0.29530 | Val: 0.28439 | LR: 5.00e-04 | 29s
2026-02-20 18:45:32.961 | INFO     | __main__:main:319 -   Bloom Acc: 0.9268 | Uncertainty: 0.4449
2026-02-20 18:45:33.089 | INFO     | __main__:main:347 -   ★ Best model saved (val_loss=0.284390)
2026-02-20 18:46:01.969 | INFO     | __main__:main:313 - Epoch [ 42/300] Train: 0.24131 | Val: 0.31736 | LR: 4.99e-04 | 29s
2026-02-20 18:46:01.969 | INFO     | __main__:main:319 -   Bloom Acc: 0.9229 | Uncertainty: 0.4356
2026-02-20 18:46:30.842 | INFO     | __main__:main:313 - Epoch [ 43/300] Train: 0.22697 | Val: 0.30371 | LR: 4.97e-04 | 29s
2026-02-20 18:46:30.843 | INFO     | __main__:main:319 -   Bloom Acc: 0.9300 | Uncertainty: 0.4331
2026-02-20 18:46:59.836 | INFO     | __main__:main:313 - Epoch [ 44/300] Train: 0.22475 | Val: 0.34323 | LR: 4.95e-04 | 29s
2026-02-20 18:46:59.837 | INFO     | __main__:main:319 -   Bloom Acc: 0.9267 | Uncertainty: 0.4329
2026-02-20 18:47:28.365 | INFO     | __main__:main:313 - Epoch [ 45/300] Train: 0.22252 | Val: 0.32306 | LR: 4.91e-04 | 29s
2026-02-20 18:47:28.365 | INFO     | __main__:main:319 -   Bloom Acc: 0.9249 | Uncertainty: 0.4327
2026-02-20 18:47:57.246 | INFO     | __main__:main:313 - Epoch [ 46/300] Train: 0.22105 | Val: 0.35180 | LR: 4.88e-04 | 29s
2026-02-20 18:47:57.246 | INFO     | __main__:main:319 -   Bloom Acc: 0.9103 | Uncertainty: 0.4334
2026-02-20 18:48:26.146 | INFO     | __main__:main:313 - Epoch [ 47/300] Train: 0.22373 | Val: 0.32453 | LR: 4.83e-04 | 29s
2026-02-20 18:48:26.146 | INFO     | __main__:main:319 -   Bloom Acc: 0.9311 | Uncertainty: 0.4335
2026-02-20 18:48:55.045 | INFO     | __main__:main:313 - Epoch [ 48/300] Train: 0.21930 | Val: 0.32086 | LR: 4.78e-04 | 29s
2026-02-20 18:48:55.046 | INFO     | __main__:main:319 -   Bloom Acc: 0.9262 | Uncertainty: 0.4325
2026-02-20 18:49:23.856 | INFO     | __main__:main:313 - Epoch [ 49/300] Train: 0.21828 | Val: 0.32982 | LR: 4.73e-04 | 29s
2026-02-20 18:49:23.856 | INFO     | __main__:main:319 -   Bloom Acc: 0.9183 | Uncertainty: 0.4319
2026-02-20 18:49:52.757 | INFO     | __main__:main:313 - Epoch [ 50/300] Train: 0.21756 | Val: 0.33970 | LR: 4.67e-04 | 29s
2026-02-20 18:49:52.757 | INFO     | __main__:main:319 -   Bloom Acc: 0.9276 | Uncertainty: 0.4319
2026-02-20 18:50:21.665 | INFO     | __main__:main:313 - Epoch [ 51/300] Train: 0.21685 | Val: 0.33899 | LR: 4.60e-04 | 29s
2026-02-20 18:50:21.665 | INFO     | __main__:main:319 -   Bloom Acc: 0.9241 | Uncertainty: 0.4310
2026-02-20 18:50:50.661 | INFO     | __main__:main:313 - Epoch [ 52/300] Train: 0.21634 | Val: 0.32998 | LR: 4.52e-04 | 29s
2026-02-20 18:50:50.662 | INFO     | __main__:main:319 -   Bloom Acc: 0.9236 | Uncertainty: 0.4317
2026-02-20 18:51:19.552 | INFO     | __main__:main:313 - Epoch [ 53/300] Train: 0.21904 | Val: 0.33635 | LR: 4.44e-04 | 29s
2026-02-20 18:51:19.552 | INFO     | __main__:main:319 -   Bloom Acc: 0.9285 | Uncertainty: 0.4340
2026-02-20 18:51:48.457 | INFO     | __main__:main:313 - Epoch [ 54/300] Train: 0.21673 | Val: 0.33337 | LR: 4.36e-04 | 29s
2026-02-20 18:51:48.457 | INFO     | __main__:main:319 -   Bloom Acc: 0.9224 | Uncertainty: 0.4319
2026-02-20 18:52:17.460 | INFO     | __main__:main:313 - Epoch [ 55/300] Train: 0.21498 | Val: 0.33934 | LR: 4.27e-04 | 29s
2026-02-20 18:52:17.460 | INFO     | __main__:main:319 -   Bloom Acc: 0.9239 | Uncertainty: 0.4316
2026-02-20 18:52:46.264 | INFO     | __main__:main:313 - Epoch [ 56/300] Train: 0.21456 | Val: 0.35518 | LR: 4.17e-04 | 29s
2026-02-20 18:52:46.264 | INFO     | __main__:main:319 -   Bloom Acc: 0.9173 | Uncertainty: 0.4316
2026-02-20 18:53:15.066 | INFO     | __main__:main:313 - Epoch [ 57/300] Train: 0.21423 | Val: 0.34664 | LR: 4.08e-04 | 29s
2026-02-20 18:53:15.066 | INFO     | __main__:main:319 -   Bloom Acc: 0.9188 | Uncertainty: 0.4295
2026-02-20 18:53:44.144 | INFO     | __main__:main:313 - Epoch [ 58/300] Train: 0.21378 | Val: 0.33794 | LR: 3.97e-04 | 29s
2026-02-20 18:53:44.144 | INFO     | __main__:main:319 -   Bloom Acc: 0.9217 | Uncertainty: 0.4321
2026-02-20 18:54:12.846 | INFO     | __main__:main:313 - Epoch [ 59/300] Train: 0.21376 | Val: 0.34367 | LR: 3.86e-04 | 29s
2026-02-20 18:54:12.846 | INFO     | __main__:main:319 -   Bloom Acc: 0.9202 | Uncertainty: 0.4298
2026-02-20 18:54:41.736 | INFO     | __main__:main:313 - Epoch [ 60/300] Train: 0.21329 | Val: 0.34947 | LR: 3.75e-04 | 29s
2026-02-20 18:54:41.736 | INFO     | __main__:main:319 -   Bloom Acc: 0.9226 | Uncertainty: 0.4299
2026-02-20 18:55:10.665 | INFO     | __main__:main:313 - Epoch [ 61/300] Train: 0.21286 | Val: 0.34798 | LR: 3.64e-04 | 29s
2026-02-20 18:55:10.665 | INFO     | __main__:main:319 -   Bloom Acc: 0.9151 | Uncertainty: 0.4295
2026-02-20 18:55:39.637 | INFO     | __main__:main:313 - Epoch [ 62/300] Train: 0.21639 | Val: 0.41208 | LR: 3.52e-04 | 29s
2026-02-20 18:55:39.637 | INFO     | __main__:main:319 -   Bloom Acc: 0.9112 | Uncertainty: 0.4437
2026-02-20 18:56:08.150 | INFO     | __main__:main:313 - Epoch [ 63/300] Train: 0.23365 | Val: 0.32502 | LR: 3.40e-04 | 29s
2026-02-20 18:56:08.150 | INFO     | __main__:main:319 -   Bloom Acc: 0.9233 | Uncertainty: 0.4321
2026-02-20 18:56:35.662 | INFO     | __main__:main:313 - Epoch [ 64/300] Train: 0.21350 | Val: 0.34409 | LR: 3.28e-04 | 28s
2026-02-20 18:56:35.662 | INFO     | __main__:main:319 -   Bloom Acc: 0.9182 | Uncertainty: 0.4304
2026-02-20 18:57:04.544 | INFO     | __main__:main:313 - Epoch [ 65/300] Train: 0.21249 | Val: 0.34590 | LR: 3.15e-04 | 29s
2026-02-20 18:57:04.544 | INFO     | __main__:main:319 -   Bloom Acc: 0.9178 | Uncertainty: 0.4299
2026-02-20 18:57:33.061 | INFO     | __main__:main:313 - Epoch [ 66/300] Train: 0.21201 | Val: 0.34895 | LR: 3.02e-04 | 29s
2026-02-20 18:57:33.061 | INFO     | __main__:main:319 -   Bloom Acc: 0.9152 | Uncertainty: 0.4291
2026-02-20 18:57:33.061 | INFO     | __main__:main:363 - 
Early stopping at epoch 66
2026-02-20 18:57:33.065 | INFO     | __main__:main:370 - 
训练完成! Best val_loss: 0.284390
2026-02-20 18:57:33.065 | INFO     | __main__:main:371 - 模型: weights/stgat_best.pt
